0 info it worked if it ends with ok
1 verbose cli [ 'c:\\Users\\tforkmann\\Documents\\1_Programming\\1_test\\MinimalFableSuave\\packages\\Node.js\\node.exe',
1 verbose cli   'c:\\Users\\tforkmann\\Documents\\1_Programming\\1_test\\MinimalFableSuave\\packages\\Npm.js\\tools\\node_modules\\npm\\bin\\npm-cli.js',
1 verbose cli   'run',
1 verbose cli   'build' ]
2 info using npm@2.13.1
3 info using node@v5.3.0
4 verbose stack Error: Cannot find module 'is-property'
4 verbose stack     at Function.Module._resolveFilename (module.js:326:15)
4 verbose stack     at Function.Module._load (module.js:277:25)
4 verbose stack     at Module.require (module.js:354:17)
4 verbose stack     at require (internal/module.js:12:17)
4 verbose stack     at Object.<anonymous> (c:\Users\tforkmann\Documents\1_Programming\1_test\MinimalFableSuave\packages\Npm.js\tools\node_modules\npm\node_modules\request\node_modules\har-validator\node_modules\is-my-json-valid\node_modules\generate-object-property\index.js:1:80)
4 verbose stack     at Module._compile (module.js:398:26)
4 verbose stack     at Object.Module._extensions..js (module.js:405:10)
4 verbose stack     at Module.load (module.js:344:32)
4 verbose stack     at Function.Module._load (module.js:301:12)
4 verbose stack     at Module.require (module.js:354:17)
4 verbose stack     at require (internal/module.js:12:17)
5 verbose cwd c:\Users\tforkmann\Documents\1_Programming\1_test\MinimalFableSuave
6 error Windows_NT 6.1.7601
7 error argv "c:\\Users\\tforkmann\\Documents\\1_Programming\\1_test\\MinimalFableSuave\\packages\\Node.js\\node.exe" "c:\\Users\\tforkmann\\Documents\\1_Programming\\1_test\\MinimalFableSuave\\packages\\Npm.js\\tools\\node_modules\\npm\\bin\\npm-cli.js" "run" "build"
8 error node v5.3.0
9 error npm  v2.13.1
10 error code MODULE_NOT_FOUND
11 error Cannot find module 'is-property'
12 error If you need help, you may report this error at:
12 error     <https://github.com/npm/npm/issues>
13 verbose exit [ 1, true ]
